[0.023s] Invoking command in '/home/ubuntu/softwares/finalProject/build/human_detection': CMAKE_PREFIX_PATH=${CMAKE_PREFIX_PATH}:/opt/ros/jazzy /usr/bin/cmake /home/ubuntu/softwares/finalProject/src/human_detection -DCMAKE_INSTALL_PREFIX=/home/ubuntu/softwares/finalProject/install/human_detection
[0.404s] -- The C compiler identification is GNU 13.3.0
[0.605s] -- The CXX compiler identification is GNU 13.3.0
[0.635s] -- Detecting C compiler ABI info
[0.755s] -- Detecting C compiler ABI info - done
[0.760s] -- Check for working C compiler: /usr/bin/cc - skipped
[0.761s] -- Detecting C compile features
[0.761s] -- Detecting C compile features - done
[0.766s] -- Detecting CXX compiler ABI info
[0.829s] -- Detecting CXX compiler ABI info - done
[0.837s] -- Check for working CXX compiler: /usr/bin/c++ - skipped
[0.838s] -- Detecting CXX compile features
[0.838s] -- Detecting CXX compile features - done
[0.857s] -- Found ament_cmake: 2.5.4 (/opt/ros/jazzy/share/ament_cmake/cmake)
[0.951s] -- Found Python3: /usr/bin/python3 (found version "3.12.3") found components: Interpreter 
[1.043s] -- Found rclcpp: 28.1.12 (/opt/ros/jazzy/share/rclcpp/cmake)
[1.108s] -- Found rosidl_generator_c: 4.6.6 (/opt/ros/jazzy/share/rosidl_generator_c/cmake)
[1.125s] -- Found rosidl_generator_cpp: 4.6.6 (/opt/ros/jazzy/share/rosidl_generator_cpp/cmake)
[1.144s] -- Using all available rosidl_typesupport_c: rosidl_typesupport_fastrtps_c;rosidl_typesupport_introspection_c
[1.157s] -- Using all available rosidl_typesupport_cpp: rosidl_typesupport_fastrtps_cpp;rosidl_typesupport_introspection_cpp
[1.221s] -- Found rmw_implementation_cmake: 7.3.2 (/opt/ros/jazzy/share/rmw_implementation_cmake/cmake)
[1.226s] -- Found rmw_fastrtps_cpp: 8.4.3 (/opt/ros/jazzy/share/rmw_fastrtps_cpp/cmake)
[1.312s] -- Found OpenSSL: /usr/lib/aarch64-linux-gnu/libcrypto.so (found version "3.0.13")  
[1.329s] -- Found FastRTPS: /opt/ros/jazzy/include (Required is at least version "2.13") 
[1.343s] -- Using RMW implementation 'rmw_fastrtps_cpp' as default
[1.416s] -- Found rclcpp_action: 28.1.12 (/opt/ros/jazzy/share/rclcpp_action/cmake)
[1.459s] -- Found nav_msgs: 5.3.6 (/opt/ros/jazzy/share/nav_msgs/cmake)
[1.501s] -- Found sensor_msgs: 5.3.6 (/opt/ros/jazzy/share/sensor_msgs/cmake)
[1.520s] -- Found nav2_msgs: 1.3.8 (/opt/ros/jazzy/share/nav2_msgs/cmake)
[1.589s] -- Found tf2: 0.36.14 (/opt/ros/jazzy/share/tf2/cmake)
[1.597s] -- Found tf2_geometry_msgs: 0.36.14 (/opt/ros/jazzy/share/tf2_geometry_msgs/cmake)
[1.620s] -- Found eigen3_cmake_module: 0.3.0 (/opt/ros/jazzy/share/eigen3_cmake_module/cmake)
[1.622s] -- Found Eigen3: TRUE (found version "3.4.0") 
[1.622s] -- Ensuring Eigen3 include directory is part of orocos-kdl CMake target
[1.693s] -- Found ament_lint_auto: 0.17.3 (/opt/ros/jazzy/share/ament_lint_auto/cmake)
[1.777s] -- Added test 'copyright' to check source files copyright and LICENSE
[1.779s] -- Added test 'cppcheck' to perform static code analysis on C / C++ code
[1.779s] -- Configured cppcheck include dirs: 
[1.779s] -- Configured cppcheck exclude dirs and/or files: 
[1.781s] -- Added test 'cpplint' to check C / C++ code against the Google style
[1.781s] -- Configured cpplint exclude dirs and/or files: 
[1.781s] -- Added test 'flake8' to check Python code syntax and style conventions
[1.781s] -- Configured 'flake8' exclude dirs and/or files: 
[1.782s] -- Added test 'lint_cmake' to check CMake code style
[1.782s] -- Added test 'pep257' to check Python code against some of the docstring style conventions in PEP 257
[1.783s] -- Added test 'uncrustify' to check C / C++ code style
[1.783s] -- Configured uncrustify additional arguments: 
[1.783s] -- Added test 'xmllint' to check XML markup files
[1.786s] -- Configuring done (1.6s)
[1.789s] [31mCMake Error at CMakeLists.txt:20 (add_executable):
[1.789s]   Cannot find source file:
[1.789s] 
[1.789s]     src/human_detection_controller.cpp
[1.789s] 
[1.789s]   Tried extensions .c .C .c++ .cc .cpp .cxx .cu .mpp .m .M .mm .ixx .cppm
[1.789s]   .ccm .cxxm .c++m .h .hh .h++ .hm .hpp .hxx .in .txx .f .F .for .f77 .f90
[1.789s]   .f95 .f03 .hip .ispc
[1.789s] 
[1.789s] [0m
[1.795s] [31mCMake Error at CMakeLists.txt:20 (add_executable):
[1.795s]   No SOURCES given to target: human_detection_controller
[1.795s] 
[1.795s] [0m
[1.795s] [0mCMake Generate step failed.  Build files cannot be regenerated correctly.[0m
[1.806s] Invoked command in '/home/ubuntu/softwares/finalProject/build/human_detection' returned '1': CMAKE_PREFIX_PATH=${CMAKE_PREFIX_PATH}:/opt/ros/jazzy /usr/bin/cmake /home/ubuntu/softwares/finalProject/src/human_detection -DCMAKE_INSTALL_PREFIX=/home/ubuntu/softwares/finalProject/install/human_detection
