[0.010s] Invoking command in '/home/ubuntu/softwares/finalProject/build/human_detection': CMAKE_PREFIX_PATH=${CMAKE_PREFIX_PATH}:/home/ubuntu/softwares/MRTP/MRTP/install/gazeboenvs:/opt/ros/jazzy /usr/bin/cmake --build /home/ubuntu/softwares/finalProject/build/human_detection -- -j8 -l8
[0.162s] [ 50%] [32mBuilding CXX object CMakeFiles/humanDetector.dir/src/humanDetector.cpp.o[0m
[11.213s] [100%] [32m[1mLinking CXX executable humanDetector[0m
[11.744s] [100%] Built target humanDetector
[11.755s] Invoked command in '/home/ubuntu/softwares/finalProject/build/human_detection' returned '0': CMAKE_PREFIX_PATH=${CMAKE_PREFIX_PATH}:/home/ubuntu/softwares/MRTP/MRTP/install/gazeboenvs:/opt/ros/jazzy /usr/bin/cmake --build /home/ubuntu/softwares/finalProject/build/human_detection -- -j8 -l8
[11.774s] Invoking command in '/home/ubuntu/softwares/finalProject/build/human_detection': CMAKE_PREFIX_PATH=${CMAKE_PREFIX_PATH}:/home/ubuntu/softwares/MRTP/MRTP/install/gazeboenvs:/opt/ros/jazzy /usr/bin/cmake --install /home/ubuntu/softwares/finalProject/build/human_detection
[11.786s] -- Install configuration: ""
[11.788s] -- Installing: /home/ubuntu/softwares/finalProject/install/human_detection/lib/human_detection/humanDetector
[11.804s] -- Set non-toolchain portion of runtime path of "/home/ubuntu/softwares/finalProject/install/human_detection/lib/human_detection/humanDetector" to ""
[11.804s] -- Up-to-date: /home/ubuntu/softwares/finalProject/install/human_detection/share/human_detection/launch
[11.804s] -- Up-to-date: /home/ubuntu/softwares/finalProject/install/human_detection/share/human_detection/launch/human_detection_launch.py
[11.805s] -- Up-to-date: /home/ubuntu/softwares/finalProject/install/human_detection/share/ament_index/resource_index/package_run_dependencies/human_detection
[11.805s] -- Up-to-date: /home/ubuntu/softwares/finalProject/install/human_detection/share/ament_index/resource_index/parent_prefix_path/human_detection
[11.805s] -- Up-to-date: /home/ubuntu/softwares/finalProject/install/human_detection/share/human_detection/environment/ament_prefix_path.sh
[11.806s] -- Up-to-date: /home/ubuntu/softwares/finalProject/install/human_detection/share/human_detection/environment/ament_prefix_path.dsv
[11.806s] -- Up-to-date: /home/ubuntu/softwares/finalProject/install/human_detection/share/human_detection/environment/path.sh
[11.806s] -- Up-to-date: /home/ubuntu/softwares/finalProject/install/human_detection/share/human_detection/environment/path.dsv
[11.806s] -- Up-to-date: /home/ubuntu/softwares/finalProject/install/human_detection/share/human_detection/local_setup.bash
[11.806s] -- Up-to-date: /home/ubuntu/softwares/finalProject/install/human_detection/share/human_detection/local_setup.sh
[11.806s] -- Up-to-date: /home/ubuntu/softwares/finalProject/install/human_detection/share/human_detection/local_setup.zsh
[11.806s] -- Up-to-date: /home/ubuntu/softwares/finalProject/install/human_detection/share/human_detection/local_setup.dsv
[11.806s] -- Installing: /home/ubuntu/softwares/finalProject/install/human_detection/share/human_detection/package.dsv
[11.807s] -- Up-to-date: /home/ubuntu/softwares/finalProject/install/human_detection/share/ament_index/resource_index/packages/human_detection
[11.807s] -- Up-to-date: /home/ubuntu/softwares/finalProject/install/human_detection/share/human_detection/cmake/human_detectionConfig.cmake
[11.807s] -- Up-to-date: /home/ubuntu/softwares/finalProject/install/human_detection/share/human_detection/cmake/human_detectionConfig-version.cmake
[11.808s] -- Up-to-date: /home/ubuntu/softwares/finalProject/install/human_detection/share/human_detection/package.xml
[11.811s] Invoked command in '/home/ubuntu/softwares/finalProject/build/human_detection' returned '0': CMAKE_PREFIX_PATH=${CMAKE_PREFIX_PATH}:/home/ubuntu/softwares/MRTP/MRTP/install/gazeboenvs:/opt/ros/jazzy /usr/bin/cmake --install /home/ubuntu/softwares/finalProject/build/human_detection
