[0.024s] Invoking command in '/home/ubuntu/softwares/finalProject/build/human_detection': CMAKE_PREFIX_PATH=${CMAKE_PREFIX_PATH}:/opt/ros/jazzy /usr/bin/cmake --build /home/ubuntu/softwares/finalProject/build/human_detection -- -j8 -l8
[0.280s] [ 50%] [32mBuilding CXX object CMakeFiles/human_detection_controller.dir/src/humanDetector.cpp.o[0m
[2.035s] [01m[K/home/ubuntu/softwares/finalProject/src/human_detection/src/humanDetector.cpp:[m[K In member function ‘[01m[Kstd::pair<double, double> HumanDetectionController::[01;32m[KcalculateScanDifference[m[K(const sensor_msgs::msg::LaserScan&, const sensor_msgs::msg::LaserScan&)[m[K’:
[2.035s] [01m[K/home/ubuntu/softwares/finalProject/src/human_detection/src/humanDetector.cpp:142:5:[m[K [01;36m[Knote: [m[Kparameter passing for argument of type ‘[01m[Kstd::pair<double, double>[m[K’ when C++17 is enabled changed to match C++14 ]8;;https://gcc.gnu.org/gcc-10/changes.html#empty_basein GCC 10.1]8;;
[2.035s]   142 |     [01;36m[K{[m[K
[2.035s]       |     [01;36m[K^[m[K
[7.529s] [100%] [32m[1mLinking CXX executable human_detection_controller[0m
[7.936s] [100%] Built target human_detection_controller
[7.947s] Invoked command in '/home/ubuntu/softwares/finalProject/build/human_detection' returned '0': CMAKE_PREFIX_PATH=${CMAKE_PREFIX_PATH}:/opt/ros/jazzy /usr/bin/cmake --build /home/ubuntu/softwares/finalProject/build/human_detection -- -j8 -l8
[7.955s] Invoking command in '/home/ubuntu/softwares/finalProject/build/human_detection': CMAKE_PREFIX_PATH=${CMAKE_PREFIX_PATH}:/opt/ros/jazzy /usr/bin/cmake --install /home/ubuntu/softwares/finalProject/build/human_detection
[7.958s] -- Install configuration: ""
[7.959s] -- Installing: /home/ubuntu/softwares/finalProject/install/human_detection/lib/human_detection/human_detection_controller
[7.966s] -- Set non-toolchain portion of runtime path of "/home/ubuntu/softwares/finalProject/install/human_detection/lib/human_detection/human_detection_controller" to ""
[7.966s] -- Up-to-date: /home/ubuntu/softwares/finalProject/install/human_detection/share/human_detection/launch
[7.967s] -- Up-to-date: /home/ubuntu/softwares/finalProject/install/human_detection/share/human_detection/launch/human_detection_launch.py
[7.967s] -- Up-to-date: /home/ubuntu/softwares/finalProject/install/human_detection/share/ament_index/resource_index/package_run_dependencies/human_detection
[7.967s] -- Up-to-date: /home/ubuntu/softwares/finalProject/install/human_detection/share/ament_index/resource_index/parent_prefix_path/human_detection
[7.967s] -- Up-to-date: /home/ubuntu/softwares/finalProject/install/human_detection/share/human_detection/environment/ament_prefix_path.sh
[7.967s] -- Up-to-date: /home/ubuntu/softwares/finalProject/install/human_detection/share/human_detection/environment/ament_prefix_path.dsv
[7.967s] -- Up-to-date: /home/ubuntu/softwares/finalProject/install/human_detection/share/human_detection/environment/path.sh
[7.967s] -- Up-to-date: /home/ubuntu/softwares/finalProject/install/human_detection/share/human_detection/environment/path.dsv
[7.967s] -- Up-to-date: /home/ubuntu/softwares/finalProject/install/human_detection/share/human_detection/local_setup.bash
[7.967s] -- Up-to-date: /home/ubuntu/softwares/finalProject/install/human_detection/share/human_detection/local_setup.sh
[7.967s] -- Up-to-date: /home/ubuntu/softwares/finalProject/install/human_detection/share/human_detection/local_setup.zsh
[7.967s] -- Up-to-date: /home/ubuntu/softwares/finalProject/install/human_detection/share/human_detection/local_setup.dsv
[7.967s] -- Installing: /home/ubuntu/softwares/finalProject/install/human_detection/share/human_detection/package.dsv
[7.967s] -- Up-to-date: /home/ubuntu/softwares/finalProject/install/human_detection/share/ament_index/resource_index/packages/human_detection
[7.967s] -- Up-to-date: /home/ubuntu/softwares/finalProject/install/human_detection/share/human_detection/cmake/human_detectionConfig.cmake
[7.968s] -- Up-to-date: /home/ubuntu/softwares/finalProject/install/human_detection/share/human_detection/cmake/human_detectionConfig-version.cmake
[7.968s] -- Up-to-date: /home/ubuntu/softwares/finalProject/install/human_detection/share/human_detection/package.xml
[7.969s] Invoked command in '/home/ubuntu/softwares/finalProject/build/human_detection' returned '0': CMAKE_PREFIX_PATH=${CMAKE_PREFIX_PATH}:/opt/ros/jazzy /usr/bin/cmake --install /home/ubuntu/softwares/finalProject/build/human_detection
