[0.126s] DEBUG:colcon:Command line arguments: ['/usr/bin/colcon', 'build', '--packages-select', 'human_detection']
[0.127s] DEBUG:colcon:Parsed command line arguments: Namespace(log_base=None, log_level=None, verb_name='build', build_base='build', install_base='install', merge_install=False, symlink_install=False, test_result_base=None, continue_on_error=False, executor='parallel', parallel_workers=8, event_handlers=None, ignore_user_meta=False, metas=['./colcon.meta'], base_paths=['.'], packages_ignore=None, packages_ignore_regex=None, paths=None, packages_up_to=None, packages_up_to_regex=None, packages_above=None, packages_above_and_dependencies=None, packages_above_depth=None, packages_select_by_dep=None, packages_skip_by_dep=None, packages_skip_up_to=None, packages_select_build_failed=False, packages_skip_build_finished=False, packages_select_test_failures=False, packages_skip_test_passed=False, packages_select=['human_detection'], packages_skip=None, packages_select_regex=None, packages_skip_regex=None, packages_start=None, packages_end=None, allow_overriding=[], cmake_args=None, cmake_target=None, cmake_target_skip_unavailable=False, cmake_clean_cache=False, cmake_clean_first=False, cmake_force_configure=False, ament_cmake_args=None, catkin_cmake_args=None, catkin_skip_building_tests=False, verb_parser=<colcon_defaults.argument_parser.defaults.DefaultArgumentsDecorator object at 0xffffb379bda0>, verb_extension=<colcon_core.verb.build.BuildVerb object at 0xffffb39b0aa0>, main=<bound method BuildVerb.main of <colcon_core.verb.build.BuildVerb object at 0xffffb39b0aa0>>)
[0.183s] Level 1:colcon.colcon_core.package_discovery:discover_packages(colcon_meta) check parameters
[0.183s] Level 1:colcon.colcon_core.package_discovery:discover_packages(recursive) check parameters
[0.183s] Level 1:colcon.colcon_core.package_discovery:discover_packages(ignore) check parameters
[0.183s] Level 1:colcon.colcon_core.package_discovery:discover_packages(path) check parameters
[0.183s] Level 1:colcon.colcon_core.package_discovery:discover_packages(colcon_meta) discover
[0.183s] Level 1:colcon.colcon_core.package_discovery:discover_packages(recursive) discover
[0.183s] INFO:colcon.colcon_core.package_discovery:Crawling recursively for packages in '/home/ubuntu/softwares/finalProject'
[0.183s] Level 1:colcon.colcon_core.package_identification:_identify(.) by extensions ['ignore', 'ignore_ament_install']
[0.183s] Level 1:colcon.colcon_core.package_identification:_identify(.) by extension 'ignore'
[0.183s] Level 1:colcon.colcon_core.package_identification:_identify(.) by extension 'ignore_ament_install'
[0.183s] Level 1:colcon.colcon_core.package_identification:_identify(.) by extensions ['colcon_pkg']
[0.183s] Level 1:colcon.colcon_core.package_identification:_identify(.) by extension 'colcon_pkg'
[0.184s] Level 1:colcon.colcon_core.package_identification:_identify(.) by extensions ['colcon_meta']
[0.184s] Level 1:colcon.colcon_core.package_identification:_identify(.) by extension 'colcon_meta'
[0.184s] Level 1:colcon.colcon_core.package_identification:_identify(.) by extensions ['ros']
[0.184s] Level 1:colcon.colcon_core.package_identification:_identify(.) by extension 'ros'
[0.216s] Level 1:colcon.colcon_core.package_identification:_identify(.) by extensions ['cmake', 'python']
[0.216s] Level 1:colcon.colcon_core.package_identification:_identify(.) by extension 'cmake'
[0.216s] Level 1:colcon.colcon_core.package_identification:_identify(.) by extension 'python'
[0.216s] Level 1:colcon.colcon_core.package_identification:_identify(.) by extensions ['python_setup_py']
[0.216s] Level 1:colcon.colcon_core.package_identification:_identify(.) by extension 'python_setup_py'
[0.216s] Level 1:colcon.colcon_core.package_identification:_identify(build) by extensions ['ignore', 'ignore_ament_install']
[0.216s] Level 1:colcon.colcon_core.package_identification:_identify(build) by extension 'ignore'
[0.216s] Level 1:colcon.colcon_core.package_identification:_identify(build) ignored
[0.216s] Level 1:colcon.colcon_core.package_identification:_identify(install) by extensions ['ignore', 'ignore_ament_install']
[0.216s] Level 1:colcon.colcon_core.package_identification:_identify(install) by extension 'ignore'
[0.216s] Level 1:colcon.colcon_core.package_identification:_identify(install) ignored
[0.217s] Level 1:colcon.colcon_core.package_identification:_identify(log) by extensions ['ignore', 'ignore_ament_install']
[0.217s] Level 1:colcon.colcon_core.package_identification:_identify(log) by extension 'ignore'
[0.217s] Level 1:colcon.colcon_core.package_identification:_identify(log) ignored
[0.217s] Level 1:colcon.colcon_core.package_identification:_identify(src) by extensions ['ignore', 'ignore_ament_install']
[0.217s] Level 1:colcon.colcon_core.package_identification:_identify(src) by extension 'ignore'
[0.217s] Level 1:colcon.colcon_core.package_identification:_identify(src) by extension 'ignore_ament_install'
[0.217s] Level 1:colcon.colcon_core.package_identification:_identify(src) by extensions ['colcon_pkg']
[0.217s] Level 1:colcon.colcon_core.package_identification:_identify(src) by extension 'colcon_pkg'
[0.217s] Level 1:colcon.colcon_core.package_identification:_identify(src) by extensions ['colcon_meta']
[0.217s] Level 1:colcon.colcon_core.package_identification:_identify(src) by extension 'colcon_meta'
[0.217s] Level 1:colcon.colcon_core.package_identification:_identify(src) by extensions ['ros']
[0.217s] Level 1:colcon.colcon_core.package_identification:_identify(src) by extension 'ros'
[0.217s] Level 1:colcon.colcon_core.package_identification:_identify(src) by extensions ['cmake', 'python']
[0.217s] Level 1:colcon.colcon_core.package_identification:_identify(src) by extension 'cmake'
[0.217s] Level 1:colcon.colcon_core.package_identification:_identify(src) by extension 'python'
[0.217s] Level 1:colcon.colcon_core.package_identification:_identify(src) by extensions ['python_setup_py']
[0.217s] Level 1:colcon.colcon_core.package_identification:_identify(src) by extension 'python_setup_py'
[0.217s] Level 1:colcon.colcon_core.package_identification:_identify(src/human_detection) by extensions ['ignore', 'ignore_ament_install']
[0.217s] Level 1:colcon.colcon_core.package_identification:_identify(src/human_detection) by extension 'ignore'
[0.217s] Level 1:colcon.colcon_core.package_identification:_identify(src/human_detection) by extension 'ignore_ament_install'
[0.217s] Level 1:colcon.colcon_core.package_identification:_identify(src/human_detection) by extensions ['colcon_pkg']
[0.217s] Level 1:colcon.colcon_core.package_identification:_identify(src/human_detection) by extension 'colcon_pkg'
[0.217s] Level 1:colcon.colcon_core.package_identification:_identify(src/human_detection) by extensions ['colcon_meta']
[0.217s] Level 1:colcon.colcon_core.package_identification:_identify(src/human_detection) by extension 'colcon_meta'
[0.217s] Level 1:colcon.colcon_core.package_identification:_identify(src/human_detection) by extensions ['ros']
[0.217s] Level 1:colcon.colcon_core.package_identification:_identify(src/human_detection) by extension 'ros'
[0.219s] DEBUG:colcon.colcon_core.package_identification:Package 'src/human_detection' with type 'ros.ament_cmake' and name 'human_detection'
[0.219s] Level 1:colcon.colcon_core.package_discovery:discover_packages(recursive) using defaults
[0.219s] Level 1:colcon.colcon_core.package_discovery:discover_packages(ignore) discover
[0.219s] Level 1:colcon.colcon_core.package_discovery:discover_packages(ignore) using defaults
[0.219s] Level 1:colcon.colcon_core.package_discovery:discover_packages(path) discover
[0.219s] Level 1:colcon.colcon_core.package_discovery:discover_packages(path) using defaults
[0.249s] Level 1:colcon.colcon_core.package_discovery:discover_packages(prefix_path) check parameters
[0.249s] Level 1:colcon.colcon_core.package_discovery:discover_packages(prefix_path) discover
[0.252s] DEBUG:colcon.colcon_installed_package_information.package_discovery:Found 461 installed packages in /opt/ros/jazzy
[0.254s] Level 1:colcon.colcon_core.package_discovery:discover_packages(prefix_path) using defaults
[0.299s] Level 5:colcon.colcon_core.verb:set package 'human_detection' build argument 'cmake_args' from command line to 'None'
[0.299s] Level 5:colcon.colcon_core.verb:set package 'human_detection' build argument 'cmake_target' from command line to 'None'
[0.299s] Level 5:colcon.colcon_core.verb:set package 'human_detection' build argument 'cmake_target_skip_unavailable' from command line to 'False'
[0.299s] Level 5:colcon.colcon_core.verb:set package 'human_detection' build argument 'cmake_clean_cache' from command line to 'False'
[0.299s] Level 5:colcon.colcon_core.verb:set package 'human_detection' build argument 'cmake_clean_first' from command line to 'False'
[0.299s] Level 5:colcon.colcon_core.verb:set package 'human_detection' build argument 'cmake_force_configure' from command line to 'False'
[0.299s] Level 5:colcon.colcon_core.verb:set package 'human_detection' build argument 'ament_cmake_args' from command line to 'None'
[0.299s] Level 5:colcon.colcon_core.verb:set package 'human_detection' build argument 'catkin_cmake_args' from command line to 'None'
[0.299s] Level 5:colcon.colcon_core.verb:set package 'human_detection' build argument 'catkin_skip_building_tests' from command line to 'False'
[0.299s] DEBUG:colcon.colcon_core.verb:Building package 'human_detection' with the following arguments: {'ament_cmake_args': None, 'build_base': '/home/ubuntu/softwares/finalProject/build/human_detection', 'catkin_cmake_args': None, 'catkin_skip_building_tests': False, 'cmake_args': None, 'cmake_clean_cache': False, 'cmake_clean_first': False, 'cmake_force_configure': False, 'cmake_target': None, 'cmake_target_skip_unavailable': False, 'install_base': '/home/ubuntu/softwares/finalProject/install/human_detection', 'merge_install': False, 'path': '/home/ubuntu/softwares/finalProject/src/human_detection', 'symlink_install': False, 'test_result_base': None}
[0.299s] INFO:colcon.colcon_core.executor:Executing jobs using 'parallel' executor
[0.300s] DEBUG:colcon.colcon_parallel_executor.executor.parallel:run_until_complete
[0.300s] INFO:colcon.colcon_ros.task.ament_cmake.build:Building ROS package in '/home/ubuntu/softwares/finalProject/src/human_detection' with build type 'ament_cmake'
[0.300s] INFO:colcon.colcon_cmake.task.cmake.build:Building CMake package in '/home/ubuntu/softwares/finalProject/src/human_detection'
[0.302s] INFO:colcon.colcon_core.plugin_system:Skipping extension 'colcon_core.shell.bat': Not used on non-Windows systems
[0.302s] INFO:colcon.colcon_core.shell:Skip shell extension 'powershell' for command environment: Not usable outside of PowerShell
[0.302s] DEBUG:colcon.colcon_core.shell:Skip shell extension 'dsv' for command environment
[0.310s] DEBUG:colcon.colcon_core.event_handler.log_command:Invoking command in '/home/ubuntu/softwares/finalProject/build/human_detection': CMAKE_PREFIX_PATH=${CMAKE_PREFIX_PATH}:/opt/ros/jazzy /usr/bin/cmake /home/ubuntu/softwares/finalProject/src/human_detection -DCMAKE_INSTALL_PREFIX=/home/ubuntu/softwares/finalProject/install/human_detection
[1.030s] DEBUG:colcon.colcon_core.event_handler.log_command:Invoked command in '/home/ubuntu/softwares/finalProject/build/human_detection' returned '0': CMAKE_PREFIX_PATH=${CMAKE_PREFIX_PATH}:/opt/ros/jazzy /usr/bin/cmake /home/ubuntu/softwares/finalProject/src/human_detection -DCMAKE_INSTALL_PREFIX=/home/ubuntu/softwares/finalProject/install/human_detection
[1.031s] DEBUG:colcon.colcon_core.event_handler.log_command:Invoking command in '/home/ubuntu/softwares/finalProject/build/human_detection': CMAKE_PREFIX_PATH=${CMAKE_PREFIX_PATH}:/opt/ros/jazzy /usr/bin/cmake --build /home/ubuntu/softwares/finalProject/build/human_detection -- -j8 -l8
[21.317s] DEBUG:colcon.colcon_core.event_handler.log_command:Invoked command in '/home/ubuntu/softwares/finalProject/build/human_detection' returned '0': CMAKE_PREFIX_PATH=${CMAKE_PREFIX_PATH}:/opt/ros/jazzy /usr/bin/cmake --build /home/ubuntu/softwares/finalProject/build/human_detection -- -j8 -l8
[21.332s] DEBUG:colcon.colcon_core.event_handler.log_command:Invoking command in '/home/ubuntu/softwares/finalProject/build/human_detection': CMAKE_PREFIX_PATH=${CMAKE_PREFIX_PATH}:/opt/ros/jazzy /usr/bin/cmake --install /home/ubuntu/softwares/finalProject/build/human_detection
[21.357s] Level 1:colcon.colcon_core.environment:create_environment_scripts_only(human_detection)
[21.359s] DEBUG:colcon.colcon_core.event_handler.log_command:Invoked command in '/home/ubuntu/softwares/finalProject/build/human_detection' returned '0': CMAKE_PREFIX_PATH=${CMAKE_PREFIX_PATH}:/opt/ros/jazzy /usr/bin/cmake --install /home/ubuntu/softwares/finalProject/build/human_detection
[21.366s] Level 1:colcon.colcon_core.environment:checking '/home/ubuntu/softwares/finalProject/install/human_detection' for CMake module files
[21.366s] Level 1:colcon.colcon_core.environment:checking '/home/ubuntu/softwares/finalProject/install/human_detection' for CMake config files
[21.366s] Level 1:colcon.colcon_core.shell:create_environment_hook('human_detection', 'cmake_prefix_path')
[21.366s] INFO:colcon.colcon_core.shell:Creating environment hook '/home/ubuntu/softwares/finalProject/install/human_detection/share/human_detection/hook/cmake_prefix_path.ps1'
[21.368s] INFO:colcon.colcon_core.shell:Creating environment descriptor '/home/ubuntu/softwares/finalProject/install/human_detection/share/human_detection/hook/cmake_prefix_path.dsv'
[21.368s] INFO:colcon.colcon_core.shell:Creating environment hook '/home/ubuntu/softwares/finalProject/install/human_detection/share/human_detection/hook/cmake_prefix_path.sh'
[21.369s] Level 1:colcon.colcon_core.environment:checking '/home/ubuntu/softwares/finalProject/install/human_detection/lib'
[21.369s] Level 1:colcon.colcon_core.environment:checking '/home/ubuntu/softwares/finalProject/install/human_detection/bin'
[21.369s] Level 1:colcon.colcon_core.environment:checking '/home/ubuntu/softwares/finalProject/install/human_detection/lib/pkgconfig/human_detection.pc'
[21.369s] Level 1:colcon.colcon_core.environment:checking '/home/ubuntu/softwares/finalProject/install/human_detection/lib/python3.12/site-packages'
[21.369s] Level 1:colcon.colcon_core.environment:checking '/home/ubuntu/softwares/finalProject/install/human_detection/bin'
[21.370s] INFO:colcon.colcon_core.shell:Creating package script '/home/ubuntu/softwares/finalProject/install/human_detection/share/human_detection/package.ps1'
[21.370s] INFO:colcon.colcon_core.shell:Creating package descriptor '/home/ubuntu/softwares/finalProject/install/human_detection/share/human_detection/package.dsv'
[21.372s] INFO:colcon.colcon_core.shell:Creating package script '/home/ubuntu/softwares/finalProject/install/human_detection/share/human_detection/package.sh'
[21.373s] INFO:colcon.colcon_core.shell:Creating package script '/home/ubuntu/softwares/finalProject/install/human_detection/share/human_detection/package.bash'
[21.374s] INFO:colcon.colcon_core.shell:Creating package script '/home/ubuntu/softwares/finalProject/install/human_detection/share/human_detection/package.zsh'
[21.375s] Level 1:colcon.colcon_core.environment:create_file_with_runtime_dependencies(/home/ubuntu/softwares/finalProject/install/human_detection/share/colcon-core/packages/human_detection)
[21.375s] Level 1:colcon.colcon_core.environment:create_environment_scripts_only(human_detection)
[21.376s] Level 1:colcon.colcon_core.environment:checking '/home/ubuntu/softwares/finalProject/install/human_detection' for CMake module files
[21.376s] Level 1:colcon.colcon_core.environment:checking '/home/ubuntu/softwares/finalProject/install/human_detection' for CMake config files
[21.376s] Level 1:colcon.colcon_core.shell:create_environment_hook('human_detection', 'cmake_prefix_path')
[21.376s] INFO:colcon.colcon_core.shell:Creating environment hook '/home/ubuntu/softwares/finalProject/install/human_detection/share/human_detection/hook/cmake_prefix_path.ps1'
[21.376s] INFO:colcon.colcon_core.shell:Creating environment descriptor '/home/ubuntu/softwares/finalProject/install/human_detection/share/human_detection/hook/cmake_prefix_path.dsv'
[21.376s] INFO:colcon.colcon_core.shell:Creating environment hook '/home/ubuntu/softwares/finalProject/install/human_detection/share/human_detection/hook/cmake_prefix_path.sh'
[21.377s] Level 1:colcon.colcon_core.environment:checking '/home/ubuntu/softwares/finalProject/install/human_detection/lib'
[21.377s] Level 1:colcon.colcon_core.environment:checking '/home/ubuntu/softwares/finalProject/install/human_detection/bin'
[21.377s] Level 1:colcon.colcon_core.environment:checking '/home/ubuntu/softwares/finalProject/install/human_detection/lib/pkgconfig/human_detection.pc'
[21.377s] Level 1:colcon.colcon_core.environment:checking '/home/ubuntu/softwares/finalProject/install/human_detection/lib/python3.12/site-packages'
[21.377s] Level 1:colcon.colcon_core.environment:checking '/home/ubuntu/softwares/finalProject/install/human_detection/bin'
[21.377s] INFO:colcon.colcon_core.shell:Creating package script '/home/ubuntu/softwares/finalProject/install/human_detection/share/human_detection/package.ps1'
[21.377s] INFO:colcon.colcon_core.shell:Creating package descriptor '/home/ubuntu/softwares/finalProject/install/human_detection/share/human_detection/package.dsv'
[21.377s] INFO:colcon.colcon_core.shell:Creating package script '/home/ubuntu/softwares/finalProject/install/human_detection/share/human_detection/package.sh'
[21.377s] INFO:colcon.colcon_core.shell:Creating package script '/home/ubuntu/softwares/finalProject/install/human_detection/share/human_detection/package.bash'
[21.378s] INFO:colcon.colcon_core.shell:Creating package script '/home/ubuntu/softwares/finalProject/install/human_detection/share/human_detection/package.zsh'
[21.378s] Level 1:colcon.colcon_core.environment:create_file_with_runtime_dependencies(/home/ubuntu/softwares/finalProject/install/human_detection/share/colcon-core/packages/human_detection)
[21.378s] DEBUG:colcon.colcon_parallel_executor.executor.parallel:closing loop
[21.378s] DEBUG:colcon.colcon_parallel_executor.executor.parallel:loop closed
[21.378s] DEBUG:colcon.colcon_parallel_executor.executor.parallel:run_until_complete finished with '0'
[21.378s] DEBUG:colcon.colcon_core.event_reactor:joining thread
[21.393s] INFO:colcon.colcon_core.plugin_system:Skipping extension 'colcon_notification.desktop_notification.terminal_notifier': Not used on non-Darwin systems
[21.394s] INFO:colcon.colcon_core.plugin_system:Skipping extension 'colcon_notification.desktop_notification.win32': Not used on non-Windows systems
[21.394s] INFO:colcon.colcon_notification.desktop_notification:Sending desktop notification using 'notify2'
[21.727s] DEBUG:colcon.colcon_core.event_reactor:joined thread
[21.729s] INFO:colcon.colcon_core.shell:Creating prefix script '/home/ubuntu/softwares/finalProject/install/local_setup.ps1'
[21.730s] INFO:colcon.colcon_core.shell:Creating prefix util module '/home/ubuntu/softwares/finalProject/install/_local_setup_util_ps1.py'
[21.731s] INFO:colcon.colcon_core.shell:Creating prefix chain script '/home/ubuntu/softwares/finalProject/install/setup.ps1'
[21.736s] INFO:colcon.colcon_core.shell:Creating prefix script '/home/ubuntu/softwares/finalProject/install/local_setup.sh'
[21.737s] INFO:colcon.colcon_core.shell:Creating prefix util module '/home/ubuntu/softwares/finalProject/install/_local_setup_util_sh.py'
[21.737s] INFO:colcon.colcon_core.shell:Creating prefix chain script '/home/ubuntu/softwares/finalProject/install/setup.sh'
[21.738s] INFO:colcon.colcon_core.shell:Creating prefix script '/home/ubuntu/softwares/finalProject/install/local_setup.bash'
[21.738s] INFO:colcon.colcon_core.shell:Creating prefix chain script '/home/ubuntu/softwares/finalProject/install/setup.bash'
[21.738s] INFO:colcon.colcon_core.shell:Creating prefix script '/home/ubuntu/softwares/finalProject/install/local_setup.zsh'
[21.739s] INFO:colcon.colcon_core.shell:Creating prefix chain script '/home/ubuntu/softwares/finalProject/install/setup.zsh'
