-- Found ament_cmake: 2.5.4 (/opt/ros/jazzy/share/ament_cmake/cmake)
-- Found rclcpp: 28.1.12 (/opt/ros/jazzy/share/rclcpp/cmake)
-- Found rosidl_generator_c: 4.6.6 (/opt/ros/jazzy/share/rosidl_generator_c/cmake)
-- Found rosidl_generator_cpp: 4.6.6 (/opt/ros/jazzy/share/rosidl_generator_cpp/cmake)
-- Using all available rosidl_typesupport_c: rosidl_typesupport_fastrtps_c;rosidl_typesupport_introspection_c
-- Using all available rosidl_typesupport_cpp: rosidl_typesupport_fastrtps_cpp;rosidl_typesupport_introspection_cpp
-- Found rmw_implementation_cmake: 7.3.2 (/opt/ros/jazzy/share/rmw_implementation_cmake/cmake)
-- Found rmw_fastrtps_cpp: 8.4.3 (/opt/ros/jazzy/share/rmw_fastrtps_cpp/cmake)
-- Using RMW implementation 'rmw_fastrtps_cpp' as default
-- Found rclcpp_action: 28.1.12 (/opt/ros/jazzy/share/rclcpp_action/cmake)
-- Found nav_msgs: 5.3.6 (/opt/ros/jazzy/share/nav_msgs/cmake)
-- Found sensor_msgs: 5.3.6 (/opt/ros/jazzy/share/sensor_msgs/cmake)
-- Found nav2_msgs: 1.3.8 (/opt/ros/jazzy/share/nav2_msgs/cmake)
-- Found ament_lint_auto: 0.17.3 (/opt/ros/jazzy/share/ament_lint_auto/cmake)
-- Added test 'copyright' to check source files copyright and LICENSE
-- Added test 'cppcheck' to perform static code analysis on C / C++ code
-- Configured cppcheck include dirs: 
-- Configured cppcheck exclude dirs and/or files: 
-- Added test 'cpplint' to check C / C++ code against the Google style
-- Configured cpplint exclude dirs and/or files: 
-- Added test 'flake8' to check Python code syntax and style conventions
-- Configured 'flake8' exclude dirs and/or files: 
-- Added test 'lint_cmake' to check CMake code style
-- Added test 'pep257' to check Python code against some of the docstring style conventions in PEP 257
-- Added test 'uncrustify' to check C / C++ code style
-- Configured uncrustify additional arguments: 
-- Added test 'xmllint' to check XML markup files
-- Configuring done (0.6s)
-- Generating done (0.0s)
-- Build files have been written to: /home/ubuntu/softwares/finalProject/build/human_detection
[ 50%] [32mBuilding CXX object CMakeFiles/humanDetector.dir/src/humanDetector.cpp.o[0m
[100%] [32m[1mLinking CXX executable humanDetector[0m
[100%] Built target humanDetector
-- Install configuration: ""
-- Installing: /home/ubuntu/softwares/finalProject/install/human_detection/lib/human_detection/humanDetector
-- Set non-toolchain portion of runtime path of "/home/ubuntu/softwares/finalProject/install/human_detection/lib/human_detection/humanDetector" to ""
-- Up-to-date: /home/ubuntu/softwares/finalProject/install/human_detection/share/human_detection/launch
-- Up-to-date: /home/ubuntu/softwares/finalProject/install/human_detection/share/human_detection/launch/human_detection_launch.py
-- Up-to-date: /home/ubuntu/softwares/finalProject/install/human_detection/share/ament_index/resource_index/package_run_dependencies/human_detection
-- Up-to-date: /home/ubuntu/softwares/finalProject/install/human_detection/share/ament_index/resource_index/parent_prefix_path/human_detection
-- Up-to-date: /home/ubuntu/softwares/finalProject/install/human_detection/share/human_detection/environment/ament_prefix_path.sh
-- Up-to-date: /home/ubuntu/softwares/finalProject/install/human_detection/share/human_detection/environment/ament_prefix_path.dsv
-- Up-to-date: /home/ubuntu/softwares/finalProject/install/human_detection/share/human_detection/environment/path.sh
-- Up-to-date: /home/ubuntu/softwares/finalProject/install/human_detection/share/human_detection/environment/path.dsv
-- Up-to-date: /home/ubuntu/softwares/finalProject/install/human_detection/share/human_detection/local_setup.bash
-- Up-to-date: /home/ubuntu/softwares/finalProject/install/human_detection/share/human_detection/local_setup.sh
-- Up-to-date: /home/ubuntu/softwares/finalProject/install/human_detection/share/human_detection/local_setup.zsh
-- Up-to-date: /home/ubuntu/softwares/finalProject/install/human_detection/share/human_detection/local_setup.dsv
-- Installing: /home/ubuntu/softwares/finalProject/install/human_detection/share/human_detection/package.dsv
-- Up-to-date: /home/ubuntu/softwares/finalProject/install/human_detection/share/ament_index/resource_index/packages/human_detection
-- Up-to-date: /home/ubuntu/softwares/finalProject/install/human_detection/share/human_detection/cmake/human_detectionConfig.cmake
-- Up-to-date: /home/ubuntu/softwares/finalProject/install/human_detection/share/human_detection/cmake/human_detectionConfig-version.cmake
-- Installing: /home/ubuntu/softwares/finalProject/install/human_detection/share/human_detection/package.xml
