[0.014s] Invoking command in '/home/ubuntu/softwares/finalProject/build/human_detection': CMAKE_PREFIX_PATH=${CMAKE_PREFIX_PATH}:/opt/ros/jazzy /usr/bin/cmake --build /home/ubuntu/softwares/finalProject/build/human_detection -- -j8 -l8
[0.153s] -- Found ament_cmake: 2.5.4 (/opt/ros/jazzy/share/ament_cmake/cmake)
[0.331s] -- Found rclcpp: 28.1.12 (/opt/ros/jazzy/share/rclcpp/cmake)
[0.367s] -- Found rosidl_generator_c: 4.6.6 (/opt/ros/jazzy/share/rosidl_generator_c/cmake)
[0.374s] -- Found rosidl_generator_cpp: 4.6.6 (/opt/ros/jazzy/share/rosidl_generator_cpp/cmake)
[0.384s] -- Using all available rosidl_typesupport_c: rosidl_typesupport_fastrtps_c;rosidl_typesupport_introspection_c
[0.393s] -- Using all available rosidl_typesupport_cpp: rosidl_typesupport_fastrtps_cpp;rosidl_typesupport_introspection_cpp
[0.433s] -- Found rmw_implementation_cmake: 7.3.2 (/opt/ros/jazzy/share/rmw_implementation_cmake/cmake)
[0.435s] -- Found rmw_fastrtps_cpp: 8.4.3 (/opt/ros/jazzy/share/rmw_fastrtps_cpp/cmake)
[0.481s] -- Using RMW implementation 'rmw_fastrtps_cpp' as default
[0.521s] -- Found rclcpp_action: 28.1.12 (/opt/ros/jazzy/share/rclcpp_action/cmake)
[0.547s] -- Found nav_msgs: 5.3.6 (/opt/ros/jazzy/share/nav_msgs/cmake)
[0.588s] -- Found sensor_msgs: 5.3.6 (/opt/ros/jazzy/share/sensor_msgs/cmake)
[0.602s] -- Found nav2_msgs: 1.3.8 (/opt/ros/jazzy/share/nav2_msgs/cmake)
[0.655s] -- Found ament_lint_auto: 0.17.3 (/opt/ros/jazzy/share/ament_lint_auto/cmake)
[0.746s] -- Added test 'copyright' to check source files copyright and LICENSE
[0.747s] -- Added test 'cppcheck' to perform static code analysis on C / C++ code
[0.747s] -- Configured cppcheck include dirs: 
[0.747s] -- Configured cppcheck exclude dirs and/or files: 
[0.747s] -- Added test 'cpplint' to check C / C++ code against the Google style
[0.747s] -- Configured cpplint exclude dirs and/or files: 
[0.747s] -- Added test 'flake8' to check Python code syntax and style conventions
[0.747s] -- Configured 'flake8' exclude dirs and/or files: 
[0.748s] -- Added test 'lint_cmake' to check CMake code style
[0.748s] -- Added test 'pep257' to check Python code against some of the docstring style conventions in PEP 257
[0.748s] -- Added test 'uncrustify' to check C / C++ code style
[0.748s] -- Configured uncrustify additional arguments: 
[0.748s] -- Added test 'xmllint' to check XML markup files
[0.749s] -- Configuring done (0.6s)
[0.770s] -- Generating done (0.0s)
[0.774s] -- Build files have been written to: /home/ubuntu/softwares/finalProject/build/human_detection
[0.825s] [ 50%] [32mBuilding CXX object CMakeFiles/humanDetector.dir/src/humanDetector.cpp.o[0m
[13.232s] [100%] [32m[1mLinking CXX executable humanDetector[0m
[13.752s] [100%] Built target humanDetector
[13.763s] Invoked command in '/home/ubuntu/softwares/finalProject/build/human_detection' returned '0': CMAKE_PREFIX_PATH=${CMAKE_PREFIX_PATH}:/opt/ros/jazzy /usr/bin/cmake --build /home/ubuntu/softwares/finalProject/build/human_detection -- -j8 -l8
[13.772s] Invoking command in '/home/ubuntu/softwares/finalProject/build/human_detection': CMAKE_PREFIX_PATH=${CMAKE_PREFIX_PATH}:/opt/ros/jazzy /usr/bin/cmake --install /home/ubuntu/softwares/finalProject/build/human_detection
[13.778s] -- Install configuration: ""
[13.778s] -- Installing: /home/ubuntu/softwares/finalProject/install/human_detection/lib/human_detection/humanDetector
[13.795s] -- Set non-toolchain portion of runtime path of "/home/ubuntu/softwares/finalProject/install/human_detection/lib/human_detection/humanDetector" to ""
[13.795s] -- Up-to-date: /home/ubuntu/softwares/finalProject/install/human_detection/share/human_detection/launch
[13.795s] -- Up-to-date: /home/ubuntu/softwares/finalProject/install/human_detection/share/human_detection/launch/human_detection_launch.py
[13.796s] -- Up-to-date: /home/ubuntu/softwares/finalProject/install/human_detection/share/ament_index/resource_index/package_run_dependencies/human_detection
[13.796s] -- Up-to-date: /home/ubuntu/softwares/finalProject/install/human_detection/share/ament_index/resource_index/parent_prefix_path/human_detection
[13.796s] -- Up-to-date: /home/ubuntu/softwares/finalProject/install/human_detection/share/human_detection/environment/ament_prefix_path.sh
[13.796s] -- Up-to-date: /home/ubuntu/softwares/finalProject/install/human_detection/share/human_detection/environment/ament_prefix_path.dsv
[13.797s] -- Up-to-date: /home/ubuntu/softwares/finalProject/install/human_detection/share/human_detection/environment/path.sh
[13.797s] -- Up-to-date: /home/ubuntu/softwares/finalProject/install/human_detection/share/human_detection/environment/path.dsv
[13.797s] -- Up-to-date: /home/ubuntu/softwares/finalProject/install/human_detection/share/human_detection/local_setup.bash
[13.797s] -- Up-to-date: /home/ubuntu/softwares/finalProject/install/human_detection/share/human_detection/local_setup.sh
[13.797s] -- Up-to-date: /home/ubuntu/softwares/finalProject/install/human_detection/share/human_detection/local_setup.zsh
[13.797s] -- Up-to-date: /home/ubuntu/softwares/finalProject/install/human_detection/share/human_detection/local_setup.dsv
[13.798s] -- Installing: /home/ubuntu/softwares/finalProject/install/human_detection/share/human_detection/package.dsv
[13.799s] -- Up-to-date: /home/ubuntu/softwares/finalProject/install/human_detection/share/ament_index/resource_index/packages/human_detection
[13.799s] -- Up-to-date: /home/ubuntu/softwares/finalProject/install/human_detection/share/human_detection/cmake/human_detectionConfig.cmake
[13.800s] -- Up-to-date: /home/ubuntu/softwares/finalProject/install/human_detection/share/human_detection/cmake/human_detectionConfig-version.cmake
[13.800s] -- Installing: /home/ubuntu/softwares/finalProject/install/human_detection/share/human_detection/package.xml
[13.804s] Invoked command in '/home/ubuntu/softwares/finalProject/build/human_detection' returned '0': CMAKE_PREFIX_PATH=${CMAKE_PREFIX_PATH}:/opt/ros/jazzy /usr/bin/cmake --install /home/ubuntu/softwares/finalProject/build/human_detection
