[0.224s] DEBUG:colcon:Command line arguments: ['/usr/bin/colcon', 'build']
[0.224s] DEBUG:colcon:Parsed command line arguments: Namespace(log_base=None, log_level=None, verb_name='build', build_base='build', install_base='install', merge_install=False, symlink_install=False, test_result_base=None, continue_on_error=False, executor='parallel', parallel_workers=8, event_handlers=None, ignore_user_meta=False, metas=['./colcon.meta'], base_paths=['.'], packages_ignore=None, packages_ignore_regex=None, paths=None, packages_up_to=None, packages_up_to_regex=None, packages_above=None, packages_above_and_dependencies=None, packages_above_depth=None, packages_select_by_dep=None, packages_skip_by_dep=None, packages_skip_up_to=None, packages_select_build_failed=False, packages_skip_build_finished=False, packages_select_test_failures=False, packages_skip_test_passed=False, packages_select=None, packages_skip=None, packages_select_regex=None, packages_skip_regex=None, packages_start=None, packages_end=None, allow_overriding=[], cmake_args=None, cmake_target=None, cmake_target_skip_unavailable=False, cmake_clean_cache=False, cmake_clean_first=False, cmake_force_configure=False, ament_cmake_args=None, catkin_cmake_args=None, catkin_skip_building_tests=False, verb_parser=<colcon_defaults.argument_parser.defaults.DefaultArgumentsDecorator object at 0xffffb111bec0>, verb_extension=<colcon_core.verb.build.BuildVerb object at 0xffffb12e0bc0>, main=<bound method BuildVerb.main of <colcon_core.verb.build.BuildVerb object at 0xffffb12e0bc0>>)
[0.287s] Level 1:colcon.colcon_core.package_discovery:discover_packages(colcon_meta) check parameters
[0.287s] Level 1:colcon.colcon_core.package_discovery:discover_packages(recursive) check parameters
[0.287s] Level 1:colcon.colcon_core.package_discovery:discover_packages(ignore) check parameters
[0.287s] Level 1:colcon.colcon_core.package_discovery:discover_packages(path) check parameters
[0.287s] Level 1:colcon.colcon_core.package_discovery:discover_packages(colcon_meta) discover
[0.287s] Level 1:colcon.colcon_core.package_discovery:discover_packages(recursive) discover
[0.287s] INFO:colcon.colcon_core.package_discovery:Crawling recursively for packages in '/home/ubuntu/softwares/finalProject'
[0.288s] Level 1:colcon.colcon_core.package_identification:_identify(.) by extensions ['ignore', 'ignore_ament_install']
[0.288s] Level 1:colcon.colcon_core.package_identification:_identify(.) by extension 'ignore'
[0.288s] Level 1:colcon.colcon_core.package_identification:_identify(.) by extension 'ignore_ament_install'
[0.288s] Level 1:colcon.colcon_core.package_identification:_identify(.) by extensions ['colcon_pkg']
[0.288s] Level 1:colcon.colcon_core.package_identification:_identify(.) by extension 'colcon_pkg'
[0.288s] Level 1:colcon.colcon_core.package_identification:_identify(.) by extensions ['colcon_meta']
[0.288s] Level 1:colcon.colcon_core.package_identification:_identify(.) by extension 'colcon_meta'
[0.288s] Level 1:colcon.colcon_core.package_identification:_identify(.) by extensions ['ros']
[0.288s] Level 1:colcon.colcon_core.package_identification:_identify(.) by extension 'ros'
[0.343s] Level 1:colcon.colcon_core.package_identification:_identify(.) by extensions ['cmake', 'python']
[0.343s] Level 1:colcon.colcon_core.package_identification:_identify(.) by extension 'cmake'
[0.343s] Level 1:colcon.colcon_core.package_identification:_identify(.) by extension 'python'
[0.343s] Level 1:colcon.colcon_core.package_identification:_identify(.) by extensions ['python_setup_py']
[0.343s] Level 1:colcon.colcon_core.package_identification:_identify(.) by extension 'python_setup_py'
[0.343s] Level 1:colcon.colcon_core.package_identification:_identify(build) by extensions ['ignore', 'ignore_ament_install']
[0.343s] Level 1:colcon.colcon_core.package_identification:_identify(build) by extension 'ignore'
[0.344s] Level 1:colcon.colcon_core.package_identification:_identify(build) ignored
[0.344s] Level 1:colcon.colcon_core.package_identification:_identify(install) by extensions ['ignore', 'ignore_ament_install']
[0.344s] Level 1:colcon.colcon_core.package_identification:_identify(install) by extension 'ignore'
[0.344s] Level 1:colcon.colcon_core.package_identification:_identify(install) ignored
[0.344s] Level 1:colcon.colcon_core.package_identification:_identify(log) by extensions ['ignore', 'ignore_ament_install']
[0.344s] Level 1:colcon.colcon_core.package_identification:_identify(log) by extension 'ignore'
[0.344s] Level 1:colcon.colcon_core.package_identification:_identify(log) ignored
[0.344s] Level 1:colcon.colcon_core.package_identification:_identify(src) by extensions ['ignore', 'ignore_ament_install']
[0.344s] Level 1:colcon.colcon_core.package_identification:_identify(src) by extension 'ignore'
[0.344s] Level 1:colcon.colcon_core.package_identification:_identify(src) by extension 'ignore_ament_install'
[0.344s] Level 1:colcon.colcon_core.package_identification:_identify(src) by extensions ['colcon_pkg']
[0.344s] Level 1:colcon.colcon_core.package_identification:_identify(src) by extension 'colcon_pkg'
[0.344s] Level 1:colcon.colcon_core.package_identification:_identify(src) by extensions ['colcon_meta']
[0.344s] Level 1:colcon.colcon_core.package_identification:_identify(src) by extension 'colcon_meta'
[0.344s] Level 1:colcon.colcon_core.package_identification:_identify(src) by extensions ['ros']
[0.344s] Level 1:colcon.colcon_core.package_identification:_identify(src) by extension 'ros'
[0.344s] Level 1:colcon.colcon_core.package_identification:_identify(src) by extensions ['cmake', 'python']
[0.344s] Level 1:colcon.colcon_core.package_identification:_identify(src) by extension 'cmake'
[0.344s] Level 1:colcon.colcon_core.package_identification:_identify(src) by extension 'python'
[0.344s] Level 1:colcon.colcon_core.package_identification:_identify(src) by extensions ['python_setup_py']
[0.344s] Level 1:colcon.colcon_core.package_identification:_identify(src) by extension 'python_setup_py'
[0.344s] Level 1:colcon.colcon_core.package_identification:_identify(src/human_detection) by extensions ['ignore', 'ignore_ament_install']
[0.344s] Level 1:colcon.colcon_core.package_identification:_identify(src/human_detection) by extension 'ignore'
[0.344s] Level 1:colcon.colcon_core.package_identification:_identify(src/human_detection) by extension 'ignore_ament_install'
[0.344s] Level 1:colcon.colcon_core.package_identification:_identify(src/human_detection) by extensions ['colcon_pkg']
[0.344s] Level 1:colcon.colcon_core.package_identification:_identify(src/human_detection) by extension 'colcon_pkg'
[0.344s] Level 1:colcon.colcon_core.package_identification:_identify(src/human_detection) by extensions ['colcon_meta']
[0.344s] Level 1:colcon.colcon_core.package_identification:_identify(src/human_detection) by extension 'colcon_meta'
[0.344s] Level 1:colcon.colcon_core.package_identification:_identify(src/human_detection) by extensions ['ros']
[0.344s] Level 1:colcon.colcon_core.package_identification:_identify(src/human_detection) by extension 'ros'
[0.348s] DEBUG:colcon.colcon_core.package_identification:Package 'src/human_detection' with type 'ros.ament_cmake' and name 'human_detection'
[0.349s] Level 1:colcon.colcon_core.package_discovery:discover_packages(recursive) using defaults
[0.349s] Level 1:colcon.colcon_core.package_discovery:discover_packages(ignore) discover
[0.349s] Level 1:colcon.colcon_core.package_discovery:discover_packages(ignore) using defaults
[0.349s] Level 1:colcon.colcon_core.package_discovery:discover_packages(path) discover
[0.349s] Level 1:colcon.colcon_core.package_discovery:discover_packages(path) using defaults
[0.390s] Level 1:colcon.colcon_core.package_discovery:discover_packages(prefix_path) check parameters
[0.390s] Level 1:colcon.colcon_core.package_discovery:discover_packages(prefix_path) discover
[0.396s] DEBUG:colcon.colcon_installed_package_information.package_discovery:Found 1 installed packages in /home/ubuntu/softwares/finalProject/install
[0.397s] DEBUG:colcon.colcon_installed_package_information.package_discovery:Found 5 installed packages in /home/ubuntu/softwares/MRTP/MRTP/install
[0.399s] DEBUG:colcon.colcon_installed_package_information.package_discovery:Found 461 installed packages in /opt/ros/jazzy
[0.401s] Level 1:colcon.colcon_core.package_discovery:discover_packages(prefix_path) using defaults
[0.442s] Level 5:colcon.colcon_core.verb:set package 'human_detection' build argument 'cmake_args' from command line to 'None'
[0.442s] Level 5:colcon.colcon_core.verb:set package 'human_detection' build argument 'cmake_target' from command line to 'None'
[0.442s] Level 5:colcon.colcon_core.verb:set package 'human_detection' build argument 'cmake_target_skip_unavailable' from command line to 'False'
[0.442s] Level 5:colcon.colcon_core.verb:set package 'human_detection' build argument 'cmake_clean_cache' from command line to 'False'
[0.442s] Level 5:colcon.colcon_core.verb:set package 'human_detection' build argument 'cmake_clean_first' from command line to 'False'
[0.442s] Level 5:colcon.colcon_core.verb:set package 'human_detection' build argument 'cmake_force_configure' from command line to 'False'
[0.442s] Level 5:colcon.colcon_core.verb:set package 'human_detection' build argument 'ament_cmake_args' from command line to 'None'
[0.442s] Level 5:colcon.colcon_core.verb:set package 'human_detection' build argument 'catkin_cmake_args' from command line to 'None'
[0.442s] Level 5:colcon.colcon_core.verb:set package 'human_detection' build argument 'catkin_skip_building_tests' from command line to 'False'
[0.442s] DEBUG:colcon.colcon_core.verb:Building package 'human_detection' with the following arguments: {'ament_cmake_args': None, 'build_base': '/home/ubuntu/softwares/finalProject/build/human_detection', 'catkin_cmake_args': None, 'catkin_skip_building_tests': False, 'cmake_args': None, 'cmake_clean_cache': False, 'cmake_clean_first': False, 'cmake_force_configure': False, 'cmake_target': None, 'cmake_target_skip_unavailable': False, 'install_base': '/home/ubuntu/softwares/finalProject/install/human_detection', 'merge_install': False, 'path': '/home/ubuntu/softwares/finalProject/src/human_detection', 'symlink_install': False, 'test_result_base': None}
[0.443s] INFO:colcon.colcon_core.executor:Executing jobs using 'parallel' executor
[0.443s] DEBUG:colcon.colcon_parallel_executor.executor.parallel:run_until_complete
[0.443s] INFO:colcon.colcon_ros.task.ament_cmake.build:Building ROS package in '/home/ubuntu/softwares/finalProject/src/human_detection' with build type 'ament_cmake'
[0.443s] INFO:colcon.colcon_cmake.task.cmake.build:Building CMake package in '/home/ubuntu/softwares/finalProject/src/human_detection'
[0.446s] INFO:colcon.colcon_core.plugin_system:Skipping extension 'colcon_core.shell.bat': Not used on non-Windows systems
[0.446s] INFO:colcon.colcon_core.shell:Skip shell extension 'powershell' for command environment: Not usable outside of PowerShell
[0.446s] DEBUG:colcon.colcon_core.shell:Skip shell extension 'dsv' for command environment
[0.464s] DEBUG:colcon.colcon_core.event_handler.log_command:Invoking command in '/home/ubuntu/softwares/finalProject/build/human_detection': CMAKE_PREFIX_PATH=${CMAKE_PREFIX_PATH}:/home/ubuntu/softwares/MRTP/MRTP/install/gazeboenvs:/opt/ros/jazzy /usr/bin/cmake --build /home/ubuntu/softwares/finalProject/build/human_detection -- -j8 -l8
[15.068s] DEBUG:colcon.colcon_core.event_handler.log_command:Invoked command in '/home/ubuntu/softwares/finalProject/build/human_detection' returned '0': CMAKE_PREFIX_PATH=${CMAKE_PREFIX_PATH}:/home/ubuntu/softwares/MRTP/MRTP/install/gazeboenvs:/opt/ros/jazzy /usr/bin/cmake --build /home/ubuntu/softwares/finalProject/build/human_detection -- -j8 -l8
[15.084s] DEBUG:colcon.colcon_core.event_handler.log_command:Invoking command in '/home/ubuntu/softwares/finalProject/build/human_detection': CMAKE_PREFIX_PATH=${CMAKE_PREFIX_PATH}:/home/ubuntu/softwares/MRTP/MRTP/install/gazeboenvs:/opt/ros/jazzy /usr/bin/cmake --install /home/ubuntu/softwares/finalProject/build/human_detection
[15.152s] Level 1:colcon.colcon_core.environment:create_environment_scripts_only(human_detection)
[15.155s] DEBUG:colcon.colcon_core.event_handler.log_command:Invoked command in '/home/ubuntu/softwares/finalProject/build/human_detection' returned '0': CMAKE_PREFIX_PATH=${CMAKE_PREFIX_PATH}:/home/ubuntu/softwares/MRTP/MRTP/install/gazeboenvs:/opt/ros/jazzy /usr/bin/cmake --install /home/ubuntu/softwares/finalProject/build/human_detection
[15.169s] Level 1:colcon.colcon_core.environment:checking '/home/ubuntu/softwares/finalProject/install/human_detection' for CMake module files
[15.171s] Level 1:colcon.colcon_core.environment:checking '/home/ubuntu/softwares/finalProject/install/human_detection' for CMake config files
[15.172s] Level 1:colcon.colcon_core.shell:create_environment_hook('human_detection', 'cmake_prefix_path')
[15.174s] INFO:colcon.colcon_core.shell:Creating environment hook '/home/ubuntu/softwares/finalProject/install/human_detection/share/human_detection/hook/cmake_prefix_path.ps1'
[15.184s] INFO:colcon.colcon_core.shell:Creating environment descriptor '/home/ubuntu/softwares/finalProject/install/human_detection/share/human_detection/hook/cmake_prefix_path.dsv'
[15.185s] INFO:colcon.colcon_core.shell:Creating environment hook '/home/ubuntu/softwares/finalProject/install/human_detection/share/human_detection/hook/cmake_prefix_path.sh'
[15.186s] Level 1:colcon.colcon_core.environment:checking '/home/ubuntu/softwares/finalProject/install/human_detection/lib'
[15.186s] Level 1:colcon.colcon_core.environment:checking '/home/ubuntu/softwares/finalProject/install/human_detection/bin'
[15.186s] Level 1:colcon.colcon_core.environment:checking '/home/ubuntu/softwares/finalProject/install/human_detection/lib/pkgconfig/human_detection.pc'
[15.187s] Level 1:colcon.colcon_core.environment:checking '/home/ubuntu/softwares/finalProject/install/human_detection/lib/python3.12/site-packages'
[15.187s] Level 1:colcon.colcon_core.environment:checking '/home/ubuntu/softwares/finalProject/install/human_detection/bin'
[15.187s] INFO:colcon.colcon_core.shell:Creating package script '/home/ubuntu/softwares/finalProject/install/human_detection/share/human_detection/package.ps1'
[15.188s] INFO:colcon.colcon_core.shell:Creating package descriptor '/home/ubuntu/softwares/finalProject/install/human_detection/share/human_detection/package.dsv'
[15.189s] INFO:colcon.colcon_core.shell:Creating package script '/home/ubuntu/softwares/finalProject/install/human_detection/share/human_detection/package.sh'
[15.189s] INFO:colcon.colcon_core.shell:Creating package script '/home/ubuntu/softwares/finalProject/install/human_detection/share/human_detection/package.bash'
[15.190s] INFO:colcon.colcon_core.shell:Creating package script '/home/ubuntu/softwares/finalProject/install/human_detection/share/human_detection/package.zsh'
[15.191s] Level 1:colcon.colcon_core.environment:create_file_with_runtime_dependencies(/home/ubuntu/softwares/finalProject/install/human_detection/share/colcon-core/packages/human_detection)
[15.192s] Level 1:colcon.colcon_core.environment:create_environment_scripts_only(human_detection)
[15.192s] Level 1:colcon.colcon_core.environment:checking '/home/ubuntu/softwares/finalProject/install/human_detection' for CMake module files
[15.192s] Level 1:colcon.colcon_core.environment:checking '/home/ubuntu/softwares/finalProject/install/human_detection' for CMake config files
[15.193s] Level 1:colcon.colcon_core.shell:create_environment_hook('human_detection', 'cmake_prefix_path')
[15.193s] INFO:colcon.colcon_core.shell:Creating environment hook '/home/ubuntu/softwares/finalProject/install/human_detection/share/human_detection/hook/cmake_prefix_path.ps1'
[15.193s] INFO:colcon.colcon_core.shell:Creating environment descriptor '/home/ubuntu/softwares/finalProject/install/human_detection/share/human_detection/hook/cmake_prefix_path.dsv'
[15.193s] INFO:colcon.colcon_core.shell:Creating environment hook '/home/ubuntu/softwares/finalProject/install/human_detection/share/human_detection/hook/cmake_prefix_path.sh'
[15.193s] Level 1:colcon.colcon_core.environment:checking '/home/ubuntu/softwares/finalProject/install/human_detection/lib'
[15.193s] Level 1:colcon.colcon_core.environment:checking '/home/ubuntu/softwares/finalProject/install/human_detection/bin'
[15.193s] Level 1:colcon.colcon_core.environment:checking '/home/ubuntu/softwares/finalProject/install/human_detection/lib/pkgconfig/human_detection.pc'
[15.194s] Level 1:colcon.colcon_core.environment:checking '/home/ubuntu/softwares/finalProject/install/human_detection/lib/python3.12/site-packages'
[15.194s] Level 1:colcon.colcon_core.environment:checking '/home/ubuntu/softwares/finalProject/install/human_detection/bin'
[15.194s] INFO:colcon.colcon_core.shell:Creating package script '/home/ubuntu/softwares/finalProject/install/human_detection/share/human_detection/package.ps1'
[15.194s] INFO:colcon.colcon_core.shell:Creating package descriptor '/home/ubuntu/softwares/finalProject/install/human_detection/share/human_detection/package.dsv'
[15.194s] INFO:colcon.colcon_core.shell:Creating package script '/home/ubuntu/softwares/finalProject/install/human_detection/share/human_detection/package.sh'
[15.194s] INFO:colcon.colcon_core.shell:Creating package script '/home/ubuntu/softwares/finalProject/install/human_detection/share/human_detection/package.bash'
[15.194s] INFO:colcon.colcon_core.shell:Creating package script '/home/ubuntu/softwares/finalProject/install/human_detection/share/human_detection/package.zsh'
[15.195s] Level 1:colcon.colcon_core.environment:create_file_with_runtime_dependencies(/home/ubuntu/softwares/finalProject/install/human_detection/share/colcon-core/packages/human_detection)
[15.195s] DEBUG:colcon.colcon_parallel_executor.executor.parallel:closing loop
[15.196s] DEBUG:colcon.colcon_parallel_executor.executor.parallel:loop closed
[15.196s] DEBUG:colcon.colcon_parallel_executor.executor.parallel:run_until_complete finished with '0'
[15.196s] DEBUG:colcon.colcon_core.event_reactor:joining thread
[15.229s] INFO:colcon.colcon_core.plugin_system:Skipping extension 'colcon_notification.desktop_notification.terminal_notifier': Not used on non-Darwin systems
[15.229s] INFO:colcon.colcon_core.plugin_system:Skipping extension 'colcon_notification.desktop_notification.win32': Not used on non-Windows systems
[15.229s] INFO:colcon.colcon_notification.desktop_notification:Sending desktop notification using 'notify2'
[15.860s] DEBUG:colcon.colcon_core.event_reactor:joined thread
[15.863s] INFO:colcon.colcon_core.shell:Creating prefix script '/home/ubuntu/softwares/finalProject/install/local_setup.ps1'
[15.866s] INFO:colcon.colcon_core.shell:Creating prefix util module '/home/ubuntu/softwares/finalProject/install/_local_setup_util_ps1.py'
[15.869s] INFO:colcon.colcon_core.shell:Creating prefix chain script '/home/ubuntu/softwares/finalProject/install/setup.ps1'
[15.876s] INFO:colcon.colcon_core.shell:Creating prefix script '/home/ubuntu/softwares/finalProject/install/local_setup.sh'
[15.877s] INFO:colcon.colcon_core.shell:Creating prefix util module '/home/ubuntu/softwares/finalProject/install/_local_setup_util_sh.py'
[15.878s] INFO:colcon.colcon_core.shell:Creating prefix chain script '/home/ubuntu/softwares/finalProject/install/setup.sh'
[15.879s] INFO:colcon.colcon_core.shell:Creating prefix script '/home/ubuntu/softwares/finalProject/install/local_setup.bash'
[15.880s] INFO:colcon.colcon_core.shell:Creating prefix chain script '/home/ubuntu/softwares/finalProject/install/setup.bash'
[15.881s] INFO:colcon.colcon_core.shell:Creating prefix script '/home/ubuntu/softwares/finalProject/install/local_setup.zsh'
[15.881s] INFO:colcon.colcon_core.shell:Creating prefix chain script '/home/ubuntu/softwares/finalProject/install/setup.zsh'
